Start testing: Oct 10 18:31 CEST
----------------------------------------------------------
1/1 Testing: AllTestsAllocator
1/1 Test: AllTestsAllocator
Command: "/user/8/sauretm/Documents/projetmalloc/ensimag-malloc/build/alloctest"
Directory: /user/8/sauretm/Documents/projetmalloc/ensimag-malloc/build
"AllTestsAllocator" start time: Oct 10 18:31 CEST
Output:
----------------------------------------------------------
[==========] Running 12 tests from 4 test cases.
[----------] Global test environment set-up.
[----------] 1 test from Mark
[ RUN      ] Mark.mmix
32 952666974572391640 952666974572391640 32[       OK ] Mark.mmix (0 ms)
[----------] 1 test from Mark (0 ms total)

[----------] 7 tests from Basic
[ RUN      ] Basic.zero
[       OK ] Basic.zero (0 ms)
[ RUN      ] Basic.onetinysmall
[       OK ] Basic.onetinysmall (1 ms)
[ RUN      ] Basic.onelargesmall
[       OK ] Basic.onelargesmall (0 ms)
[ RUN      ] Basic.onemedium
/user/8/sauretm/Documents/projetmalloc/ensimag-malloc/tests/test_generic.cc:41: Failure
Expected: (ptr) != (nullptr), actual: NULL vs 8-byte object <00-00 00-00 00-00 00-00>
[  FAILED  ] Basic.onemedium (0 ms)
[ RUN      ] Basic.onelarge
[       OK ] Basic.onelarge (0 ms)
[ RUN      ] Basic.oneallocloopsmall
[       OK ] Basic.oneallocloopsmall (0 ms)
[ RUN      ] Basic.oneallocloopmedium
/user/8/sauretm/Documents/projetmalloc/ensimag-malloc/tests/test_generic.cc:72: Failure
Expected: (t) != (nullptr), actual: NULL vs 8-byte object <00-00 00-00 00-00 00-00>
[  FAILED  ] Basic.oneallocloopmedium (1 ms)
[----------] 7 tests from Basic (2 ms total)

[----------] 3 tests from Generic
[ RUN      ] Generic.loopevenoddsmall
[       OK ] Generic.loopevenoddsmall (0 ms)
[ RUN      ] Generic.loopevenoddmedium
/user/8/sauretm/Documents/projetmalloc/ensimag-malloc/tests/test_generic.cc:107: Failure
Expected: (t) != ((void *)0), actual: NULL vs NULL
[  FAILED  ] Generic.loopevenoddmedium (0 ms)
[ RUN      ] Generic.aleatoire
Une allocation de 256 a echoue !
Une allocation de 1024 a echoue !
Une allocation de 170 a echoue !
Une allocation de 4096 a echoue !
Une allocation de 170 a echoue !
Une allocation de 682 a echoue !
Une allocation de 113 a echoue !
Une allocation de 16384 a echoue !
Une allocation de 170 a echoue !
Une allocation de 682 a echoue !
Une allocation de 113 a echoue !
Une allocation de 2730 a echoue !
Une allocation de 113 a echoue !
Une allocation de 455 a echoue !
Une allocation de 75 a echoue !
Une allocation de 65536 a echoue !
Une allocation de 170 a echoue !
Une allocation de 682 a echoue !
Une allocation de 113 a echoue !
Une allocation de 2730 a echoue !
Une allocation de 113 a echoue !
Une allocation de 455 a echoue !
Une allocation de 75 a echoue !
Une allocation de 10922 a echoue !
Une allocation de 113 a echoue !
Une allocation de 455 a echoue !
Une allocation de 75 a echoue !
Une allocation de 1820 a echoue !
Une allocation de 75 a echoue !
Une allocation de 303 a echoue !
Une allocation de 170 a echoue !
Une allocation de 682 a echoue !
Une allocation de 113 a echoue !
Une allocation de 2730 a echoue !
Une allocation de 113 a echoue !
Une allocation de 455 a echoue !
Une allocation de 75 a echoue !
Une allocation de 10922 a echoue !
Une allocation de 113 a echoue !
Une allocation de 455 a echoue !
Une allocation de 75 a echoue !
Une allocation de 1820 a echoue !
Une allocation de 75 a echoue !
Une allocation de 303 a echoue !
Une allocation de 43690 a echoue !
Une allocation de 113 a echoue !
Une allocation de 455 a echoue !
Une allocation de 75 a echoue !
Une allocation de 1820 a echoue !
Une allocation de 75 a echoue !
Une allocation de 303 a echoue !
Une allocation de 7281 a echoue !
Une allocation de 75 a echoue !
Une allocation de 303 a echoue !
Une allocation de 1213 a echoue !
Une allocation de 202 a echoue !
Une allocation de 170 a echoue !
Une allocation de 682 a echoue !
Une allocation de 113 a echoue !
Une allocation de 2730 a echoue !
Une allocation de 113 a echoue !
Une allocation de 455 a echoue !
Une allocation de 75 a echoue !
Une allocation de 10922 a echoue !
Une allocation de 113 a echoue !
Une allocation de 455 a echoue !
Une allocation de 75 a echoue !
Une allocation de 1820 a echoue !
Une allocation de 75 a echoue !
Une allocation de 303 a echoue !
Une allocation de 43690 a echoue !
Une allocation de 113 a echoue !
Une allocation de 455 a echoue !
Une allocation de 75 a echoue !
Une allocation de 1820 a echoue !
Une allocation de 75 a echoue !
Une allocation de 303 a echoue !
Une allocation de 7281 a echoue !
Une allocation de 75 a echoue !
Une allocation de 303 a echoue !
Une allocation de 1213 a echoue !
Une allocation de 202 a echoue !
Une allocation de 113 a echoue !
Une allocation de 455 a echoue !
Une allocation de 75 a echoue !
Une allocation de 1820 a echoue !
Une allocation de 75 a echoue !
Une allocation de 303 a echoue !
Une allocation de 7281 a echoue !
Une allocation de 75 a echoue !
Une allocation de 303 a echoue !
Une allocation de 1213 a echoue !
Une allocation de 202 a echoue !
Une allocation de 29127 a echoue !
Une allocation de 75 a echoue !
Une allocation de 303 a echoue !
Une allocation de 1213 a echoue !
Une allocation de 202 a echoue !
Une allocation de 4854 a echoue !
Une allocation de 202 a echoue !
Une allocation de 809 a echoue !
Une allocation de 134 a echoue !
Une allocation de 256 a echoue !
Une allocation de 1024 a echoue !
Une allocation de 170 a echoue !
Une allocation de 4096 a echoue !
Une allocation de 170 a echoue !
Une allocation de 682 a echoue !
Une allocation de 113 a echoue !
Une allocation de 16384 a echoue !
Une allocation de 170 a echoue !
Une allocation de 682 a echoue !
Une allocation de 113 a echoue !
Une allocation de 2730 a echoue !
Une allocation de 113 a echoue !
Une allocation de 455 a echoue !
Une allocation de 75 a echoue !
Une allocation de 65536 a echoue !
Une allocation de 170 a echoue !
Une allocation de 682 a echoue !
Une allocation de 113 a echoue !
Une allocation de 2730 a echoue !
Une allocation de 113 a echoue !
Une allocation de 455 a echoue !
Une allocation de 75 a echoue !
Une allocation de 10922 a echoue !
Une allocation de 113 a echoue !
Une allocation de 455 a echoue !
Une allocation de 75 a echoue !
Une allocation de 1820 a echoue !
Une allocation de 75 a echoue !
Une allocation de 303 a echoue !
Une allocation de 170 a echoue !
Une allocation de 682 a echoue !
Une allocation de 113 a echoue !
Une allocation de 2730 a echoue !
Une allocation de 113 a echoue !
Une allocation de 455 a echoue !
Une allocation de 75 a echoue !
Une allocation de 10922 a echoue !
Une allocation de 113 a echoue !
Une allocation de 455 a echoue !
Une allocation de 75 a echoue !
Une allocation de 1820 a echoue !
Une allocation de 75 a echoue !
Une allocation de 303 a echoue !
Une allocation de 43690 a echoue !
Une allocation de 113 a echoue !
Une allocation de 455 a echoue !
Une allocation de 75 a echoue !
Une allocation de 1820 a echoue !
Une allocation de 75 a echoue !
Une allocation de 303 a echoue !
Une allocation de 7281 a echoue !
Une allocation de 75 a echoue !
Une allocation de 303 a echoue !
Une allocation de 1213 a echoue !
Une allocation de 202 a echoue !
Une allocation de 170 a echoue !
Une allocation de 682 a echoue !
Une allocation de 113 a echoue !
Une allocation de 2730 a echoue !
Une allocation de 113 a echoue !
Une allocation de 455 a echoue !
Une allocation de 75 a echoue !
Une allocation de 10922 a echoue !
Une allocation de 113 a echoue !
Une allocation de 455 a echoue !
Une allocation de 75 a echoue !
Une allocation de 1820 a echoue !
Une allocation de 75 a echoue !
Une allocation de 303 a echoue !
Une allocation de 43690 a echoue !
Une allocation de 113 a echoue !
Une allocation de 455 a echoue !
Une allocation de 75 a echoue !
Une allocation de 1820 a echoue !
Une allocation de 75 a echoue !
Une allocation de 303 a echoue !
Une allocation de 7281 a echoue !
Une allocation de 75 a echoue !
Une allocation de 303 a echoue !
Une allocation de 1213 a echoue !
Une allocation de 202 a echoue !
Une allocation de 113 a echoue !
Une allocation de 455 a echoue !
Une allocation de 75 a echoue !
Une allocation de 1820 a echoue !
Une allocation de 75 a echoue !
Une allocation de 303 a echoue !
Une allocation de 7281 a echoue !
Une allocation de 75 a echoue !
Une allocation de 303 a echoue !
Une allocation de 1213 a echoue !
Une allocation de 202 a echoue !
Une allocation de 29127 a echoue !
Une allocation de 75 a echoue !
Une allocation de 303 a echoue !
Une allocation de 1213 a echoue !
Une allocation de 202 a echoue !
Une allocation de 4854 a echoue !
Une allocation de 202 a echoue !
Une allocation de 809 a echoue !
Une allocation de 134 a echoue !
Une allocation de 256 a echoue !
Une allocation de 1024 a echoue !
Une allocation de 170 a echoue !
Une allocation de 4096 a echoue !
Une allocation de 170 a echoue !
Une allocation de 682 a echoue !
Une allocation de 113 a echoue !
Une allocation de 16384 a echoue !
Une allocation de 170 a echoue !
Une allocation de 682 a echoue !
Une allocation de 113 a echoue !
Une allocation de 2730 a echoue !
Une allocation de 113 a echoue !
Une allocation de 455 a echoue !
Une allocation de 75 a echoue !
Une allocation de 65536 a echoue !
Une allocation de 170 a echoue !
Une allocation de 682 a echoue !
Une allocation de 113 a echoue !
Une allocation de 2730 a echoue !
Une allocation de 113 a echoue !
Une allocation de 455 a echoue !
Une allocation de 75 a echoue !
Une allocation de 10922 a echoue !
Une allocation de 113 a echoue !
Une allocation de 455 a echoue !
Une allocation de 75 a echoue !
Une allocation de 1820 a echoue !
Une allocation de 75 a echoue !
Une allocation de 303 a echoue !
Une allocation de 170 a echoue !
Une allocation de 682 a echoue !
Une allocation de 113 a echoue !
Une allocation de 2730 a echoue !
Une allocation de 113 a echoue !
Une allocation de 455 a echoue !
Une allocation de 75 a echoue !
Une allocation de 10922 a echoue !
Une allocation de 113 a echoue !
Une allocation de 455 a echoue !
Une allocation de 75 a echoue !
Une allocation de 1820 a echoue !
Une allocation de 75 a echoue !
Une allocation de 303 a echoue !
Une allocation de 43690 a echoue !
Une allocation de 113 a echoue !
Une allocation de 455 a echoue !
Une allocation de 75 a echoue !
Une allocation de 1820 a echoue !
Une allocation de 75 a echoue !
Une allocation de 303 a echoue !
Une allocation de 7281 a echoue !
Une allocation de 75 a echoue !
Une allocation de 303 a echoue !
Une allocation de 1213 a echoue !
Une allocation de 202 a echoue !
Une allocation de 170 a echoue !
Une allocation de 682 a echoue !
Une allocation de 113 a echoue !
Une allocation de 2730 a echoue !
Une allocation de 113 a echoue !
Une allocation de 455 a echoue !
Une allocation de 75 a echoue !
Une allocation de 10922 a echoue !
Une allocation de 113 a echoue !
Une allocation de 455 a echoue !
Une allocation de 75 a echoue !
Une allocation de 1820 a echoue !
Une allocation de 75 a echoue !
Une allocation de 303 a echoue !
Une allocation de 43690 a echoue !
Une allocation de 113 a echoue !
Une allocation de 455 a echoue !
Une allocation de 75 a echoue !
Une allocation de 1820 a echoue !
Une allocation de 75 a echoue !
Une allocation de 303 a echoue !
Une allocation de 7281 a echoue !
Une allocation de 75 a echoue !
Une allocation de 303 a echoue !
Une allocation de 1213 a echoue !
Une allocation de 202 a echoue !
Une allocation de 113 a echoue !
Une allocation de 455 a echoue !
Une allocation de 75 a echoue !
Une allocation de 1820 a echoue !
Une allocation de 75 a echoue !
Une allocation de 303 a echoue !
Une allocation de 7281 a echoue !
Une allocation de 75 a echoue !
Une allocation de 303 a echoue !
Une allocation de 1213 a echoue !
Une allocation de 202 a echoue !
Une allocation de 29127 a echoue !
Une allocation de 75 a echoue !
Une allocation de 303 a echoue !
Une allocation de 1213 a echoue !
Une allocation de 202 a echoue !
Une allocation de 4854 a echoue !
Une allocation de 202 a echoue !
Une allocation de 809 a echoue !
Une allocation de 134 a echoue !
Une allocation de 256 a echoue !
Une allocation de 1024 a echoue !
Une allocation de 170 a echoue !
Une allocation de 4096 a echoue !
Une allocation de 170 a echoue !
Une allocation de 682 a echoue !
Une allocation de 113 a echoue !
Une allocation de 16384 a echoue !
Une allocation de 170 a echoue !
Une allocation de 682 a echoue !
Une allocation de 113 a echoue !
Une allocation de 2730 a echoue !
Une allocation de 113 a echoue !
Une allocation de 455 a echoue !
Une allocation de 75 a echoue !
Une allocation de 65536 a echoue !
Une allocation de 170 a echoue !
Une allocation de 682 a echoue !
Une allocation de 113 a echoue !
Une allocation de 2730 a echoue !
Une allocation de 113 a echoue !
Une allocation de 455 a echoue !
Une allocation de 75 a echoue !
Une allocation de 10922 a echoue !
Une allocation de 113 a echoue !
Une allocation de 455 a echoue !
Une allocation de 75 a echoue !
Une allocation de 1820 a echoue !
Une allocation de 75 a echoue !
Une allocation de 303 a echoue !
Une allocation de 170 a echoue !
Une allocation de 682 a echoue !
Une allocation de 113 a echoue !
Une allocation de 2730 a echoue !
Une allocation de 113 a echoue !
Une allocation de 455 a echoue !
Une allocation de 75 a echoue !
Une allocation de 10922 a echoue !
Une allocation de 113 a echoue !
Une allocation de 455 a echoue !
Une allocation de 75 a echoue !
Une allocation de 1820 a echoue !
Une allocation de 75 a echoue !
Une allocation de 303 a echoue !
Une allocation de 43690 a echoue !
Une allocation de 113 a echoue !
Une allocation de 455 a echoue !
Une allocation de 75 a echoue !
Une allocation de 1820 a echoue !
Une allocation de 75 a echoue !
Une allocation de 303 a echoue !
Une allocation de 7281 a echoue !
Une allocation de 75 a echoue !
Une allocation de 303 a echoue !
Une allocation de 1213 a echoue !
Une allocation de 202 a echoue !
Une allocation de 170 a echoue !
Une allocation de 682 a echoue !
Une allocation de 113 a echoue !
Une allocation de 2730 a echoue !
Une allocation de 113 a echoue !
Une allocation de 455 a echoue !
Une allocation de 75 a echoue !
Une allocation de 10922 a echoue !
Une allocation de 113 a echoue !
Une allocation de 455 a echoue !
Une allocation de 75 a echoue !
Une allocation de 1820 a echoue !
Une allocation de 75 a echoue !
Une allocation de 303 a echoue !
Une allocation de 43690 a echoue !
Une allocation de 113 a echoue !
Une allocation de 455 a echoue !
Une allocation de 75 a echoue !
Une allocation de 1820 a echoue !
Une allocation de 75 a echoue !
Une allocation de 303 a echoue !
Une allocation de 7281 a echoue !
Une allocation de 75 a echoue !
Une allocation de 303 a echoue !
Une allocation de 1213 a echoue !
Une allocation de 202 a echoue !
Une allocation de 113 a echoue !
Une allocation de 455 a echoue !
Une allocation de 75 a echoue !
Une allocation de 1820 a echoue !
Une allocation de 75 a echoue !
Une allocation de 303 a echoue !
Une allocation de 7281 a echoue !
Une allocation de 75 a echoue !
Une allocation de 303 a echoue !
Une allocation de 1213 a echoue !
Une allocation de 202 a echoue !
Une allocation de 29127 a echoue !
Une allocation de 75 a echoue !
Une allocation de 303 a echoue !
Une allocation de 1213 a echoue !
Une allocation de 202 a echoue !
Une allocation de 4854 a echoue !
Une allocation de 202 a echoue !
Une allocation de 809 a echoue !
Une allocation de 134 a echoue !
Une allocation de 256 a echoue !
Une allocation de 1024 a echoue !
Une allocation de 170 a echoue !
Une allocation de 4096 a echoue !
Une allocation de 170 a echoue !
Une allocation de 682 a echoue !
Une allocation de 113 a echoue !
Une allocation de 16384 a echoue !
Une allocation de 170 a echoue !
Une allocation de 682 a echoue !
Une allocation de 113 a echoue !
Une allocation de 2730 a echoue !
Une allocation de 113 a echoue !
Une allocation de 455 a echoue !
Une allocation de 75 a echoue !
Une allocation de 65536 a echoue !
Une allocation de 170 a echoue !
Une allocation de 682 a echoue !
Une allocation de 113 a echoue !
Une allocation de 2730 a echoue !
Une allocation de 113 a echoue !
Une allocation de 455 a echoue !
Une allocation de 75 a echoue !
Une allocation de 10922 a echoue !
Une allocation de 113 a echoue !
Une allocation de 455 a echoue !
Une allocation de 75 a echoue !
Une allocation de 1820 a echoue !
Une allocation de 75 a echoue !
Une allocation de 303 a echoue !
Une allocation de 170 a echoue !
Une allocation de 682 a echoue !
Une allocation de 113 a echoue !
Une allocation de 2730 a echoue !
Une allocation de 113 a echoue !
Une allocation de 455 a echoue !
Une allocation de 75 a echoue !
Une allocation de 10922 a echoue !
Une allocation de 113 a echoue !
Une allocation de 455 a echoue !
Une allocation de 75 a echoue !
Une allocation de 1820 a echoue !
Une allocation de 75 a echoue !
Une allocation de 303 a echoue !
Une allocation de 43690 a echoue !
Une allocation de 113 a echoue !
Une allocation de 455 a echoue !
Une allocation de 75 a echoue !
Une allocation de 1820 a echoue !
Une allocation de 75 a echoue !
Une allocation de 303 a echoue !
Une allocation de 7281 a echoue !
Une allocation de 75 a echoue !
Une allocation de 303 a echoue !
Une allocation de 1213 a echoue !
Une allocation de 202 a echoue !
Une allocation de 170 a echoue !
Une allocation de 682 a echoue !
Une allocation de 113 a echoue !
Une allocation de 2730 a echoue !
Une allocation de 113 a echoue !
Une allocation de 455 a echoue !
Une allocation de 75 a echoue !
Une allocation de 10922 a echoue !
Une allocation de 113 a echoue !
Une allocation de 455 a echoue !
Une allocation de 75 a echoue !
Une allocation de 1820 a echoue !
Une allocation de 75 a echoue !
Une allocation de 303 a echoue !
Une allocation de 43690 a echoue !
Une allocation de 113 a echoue !
Une allocation de 455 a echoue !
Une allocation de 75 a echoue !
Une allocation de 1820 a echoue !
Une allocation de 75 a echoue !
Une allocation de 303 a echoue !
Une allocation de 7281 a echoue !
Une allocation de 75 a echoue !
Une allocation de 303 a echoue !
Une allocation de 1213 a echoue !
Une allocation de 202 a echoue !
Une allocation de 113 a echoue !
Une allocation de 455 a echoue !
Une allocation de 75 a echoue !
Une allocation de 1820 a echoue !
Une allocation de 75 a echoue !
Une allocation de 303 a echoue !
Une allocation de 7281 a echoue !
Une allocation de 75 a echoue !
Une allocation de 303 a echoue !
Une allocation de 1213 a echoue !
Une allocation de 202 a echoue !
Une allocation de 29127 a echoue !
Une allocation de 75 a echoue !
Une allocation de 303 a echoue !
Une allocation de 1213 a echoue !
Une allocation de 202 a echoue !
Une allocation de 4854 a echoue !
Une allocation de 202 a echoue !
Une allocation de 809 a echoue !
Une allocation de 134 a echoue !
Une allocation de 256 a echoue !
Une allocation de 1024 a echoue !
Une allocation de 170 a echoue !
Une allocation de 4096 a echoue !
Une allocation de 170 a echoue !
Une allocation de 682 a echoue !
Une allocation de 113 a echoue !
Une allocation de 16384 a echoue !
Une allocation de 170 a echoue !
Une allocation de 682 a echoue !
Une allocation de 113 a echoue !
Une allocation de 2730 a echoue !
Une allocation de 113 a echoue !
Une allocation de 455 a echoue !
Une allocation de 75 a echoue !
Une allocation de 65536 a echoue !
Une allocation de 170 a echoue !
Une allocation de 682 a echoue !
Une allocation de 113 a echoue !
Une allocation de 2730 a echoue !
Une allocation de 113 a echoue !
Une allocation de 455 a echoue !
Une allocation de 75 a echoue !
Une allocation de 10922 a echoue !
Une allocation de 113 a echoue !
Une allocation de 455 a echoue !
Une allocation de 75 a echoue !
Une allocation de 1820 a echoue !
Une allocation de 75 a echoue !
Une allocation de 303 a echoue !
Une allocation de 170 a echoue !
Une allocation de 682 a echoue !
Une allocation de 113 a echoue !
Une allocation de 2730 a echoue !
Une allocation de 113 a echoue !
Une allocation de 455 a echoue !
Une allocation de 75 a echoue !
Une allocation de 10922 a echoue !
Une allocation de 113 a echoue !
Une allocation de 455 a echoue !
Une allocation de 75 a echoue !
Une allocation de 1820 a echoue !
Une allocation de 75 a echoue !
Une allocation de 303 a echoue !
Une allocation de 43690 a echoue !
Une allocation de 113 a echoue !
Une allocation de 455 a echoue !
Une allocation de 75 a echoue !
Une allocation de 1820 a echoue !
Une allocation de 75 a echoue !
Une allocation de 303 a echoue !
Une allocation de 7281 a echoue !
Une allocation de 75 a echoue !
Une allocation de 303 a echoue !
Une allocation de 1213 a echoue !
Une allocation de 202 a echoue !
Une allocation de 170 a echoue !
Une allocation de 682 a echoue !
Une allocation de 113 a echoue !
Une allocation de 2730 a echoue !
Une allocation de 113 a echoue !
Une allocation de 455 a echoue !
Une allocation de 75 a echoue !
Une allocation de 10922 a echoue !
Une allocation de 113 a echoue !
Une allocation de 455 a echoue !
Une allocation de 75 a echoue !
Une allocation de 1820 a echoue !
Une allocation de 75 a echoue !
Une allocation de 303 a echoue !
Une allocation de 43690 a echoue !
Une allocation de 113 a echoue !
Une allocation de 455 a echoue !
Une allocation de 75 a echoue !
Une allocation de 1820 a echoue !
Une allocation de 75 a echoue !
Une allocation de 303 a echoue !
Une allocation de 7281 a echoue !
Une allocation de 75 a echoue !
Une allocation de 303 a echoue !
Une allocation de 1213 a echoue !
Une allocation de 202 a echoue !
Une allocation de 113 a echoue !
Une allocation de 455 a echoue !
Une allocation de 75 a echoue !
Une allocation de 1820 a echoue !
Une allocation de 75 a echoue !
Une allocation de 303 a echoue !
Une allocation de 7281 a echoue !
Une allocation de 75 a echoue !
Une allocation de 303 a echoue !
Une allocation de 1213 a echoue !
Une allocation de 202 a echoue !
Une allocation de 29127 a echoue !
Une allocation de 75 a echoue !
Une allocation de 303 a echoue !
Une allocation de 1213 a echoue !
Une allocation de 202 a echoue !
Une allocation de 4854 a echoue !
Une allocation de 202 a echoue !
Une allocation de 809 a echoue !
Une allocation de 134 a echoue !
Une allocation de 256 a echoue !
Une allocation de 1024 a echoue !
Une allocation de 170 a echoue !
Une allocation de 4096 a echoue !
Une allocation de 170 a echoue !
Une allocation de 682 a echoue !
Une allocation de 113 a echoue !
Une allocation de 16384 a echoue !
Une allocation de 170 a echoue !
Une allocation de 682 a echoue !
Une allocation de 113 a echoue !
Une allocation de 2730 a echoue !
Une allocation de 113 a echoue !
Une allocation de 455 a echoue !
Une allocation de 75 a echoue !
Une allocation de 65536 a echoue !
Une allocation de 170 a echoue !
Une allocation de 682 a echoue !
Une allocation de 113 a echoue !
Une allocation de 2730 a echoue !
Une allocation de 113 a echoue !
Une allocation de 455 a echoue !
Une allocation de 75 a echoue !
Une allocation de 10922 a echoue !
Une allocation de 113 a echoue !
Une allocation de 455 a echoue !
Une allocation de 75 a echoue !
Une allocation de 1820 a echoue !
Une allocation de 75 a echoue !
Une allocation de 303 a echoue !
Une allocation de 170 a echoue !
Une allocation de 682 a echoue !
Une allocation de 113 a echoue !
Une allocation de 2730 a echoue !
Une allocation de 113 a echoue !
Une allocation de 455 a echoue !
Une allocation de 75 a echoue !
Une allocation de 10922 a echoue !
Une allocation de 113 a echoue !
Une allocation de 455 a echoue !
Une allocation de 75 a echoue !
Une allocation de 1820 a echoue !
Une allocation de 75 a echoue !
Une allocation de 303 a echoue !
Une allocation de 43690 a echoue !
Une allocation de 113 a echoue !
Une allocation de 455 a echoue !
Une allocation de 75 a echoue !
Une allocation de 1820 a echoue !
Une allocation de 75 a echoue !
Une allocation de 303 a echoue !
Une allocation de 7281 a echoue !
Une allocation de 75 a echoue !
Une allocation de 303 a echoue !
Une allocation de 1213 a echoue !
Une allocation de 202 a echoue !
Une allocation de 170 a echoue !
Une allocation de 682 a echoue !
Une allocation de 113 a echoue !
Une allocation de 2730 a echoue !
Une allocation de 113 a echoue !
Une allocation de 455 a echoue !
Une allocation de 75 a echoue !
Une allocation de 10922 a echoue !
Une allocation de 113 a echoue !
Une allocation de 455 a echoue !
Une allocation de 75 a echoue !
Une allocation de 1820 a echoue !
Une allocation de 75 a echoue !
Une allocation de 303 a echoue !
Une allocation de 43690 a echoue !
Une allocation de 113 a echoue !
Une allocation de 455 a echoue !
Une allocation de 75 a echoue !
Une allocation de 1820 a echoue !
Une allocation de 75 a echoue !
Une allocation de 303 a echoue !
Une allocation de 7281 a echoue !
Une allocation de 75 a echoue !
Une allocation de 303 a echoue !
Une allocation de 1213 a echoue !
Une allocation de 202 a echoue !
Une allocation de 113 a echoue !
Une allocation de 455 a echoue !
Une allocation de 75 a echoue !
Une allocation de 1820 a echoue !
Une allocation de 75 a echoue !
Une allocation de 303 a echoue !
Une allocation de 7281 a echoue !
Une allocation de 75 a echoue !
Une allocation de 303 a echoue !
Une allocation de 1213 a echoue !
Une allocation de 202 a echoue !
Une allocation de 29127 a echoue !
Une allocation de 75 a echoue !
Une allocation de 303 a echoue !
Une allocation de 1213 a echoue !
Une allocation de 202 a echoue !
Une allocation de 4854 a echoue !
Une allocation de 202 a echoue !
Une allocation de 809 a echoue !
Une allocation de 134 a echoue !
Une allocation de 256 a echoue !
Une allocation de 1024 a echoue !
Une allocation de 170 a echoue !
Une allocation de 4096 a echoue !
Une allocation de 170 a echoue !
Une allocation de 682 a echoue !
Une allocation de 113 a echoue !
Une allocation de 16384 a echoue !
Une allocation de 170 a echoue !
Une allocation de 682 a echoue !
Une allocation de 113 a echoue !
Une allocation de 2730 a echoue !
Une allocation de 113 a echoue !
Une allocation de 455 a echoue !
Une allocation de 75 a echoue !
Une allocation de 65536 a echoue !
Une allocation de 170 a echoue !
Une allocation de 682 a echoue !
Une allocation de 113 a echoue !
Une allocation de 2730 a echoue !
Une allocation de 113 a echoue !
Une allocation de 455 a echoue !
Une allocation de 75 a echoue !
Une allocation de 10922 a echoue !
Une allocation de 113 a echoue !
Une allocation de 455 a echoue !
Une allocation de 75 a echoue !
Une allocation de 1820 a echoue !
Une allocation de 75 a echoue !
Une allocation de 303 a echoue !
Une allocation de 170 a echoue !
Une allocation de 682 a echoue !
Une allocation de 113 a echoue !
Une allocation de 2730 a echoue !
Une allocation de 113 a echoue !
Une allocation de 455 a echoue !
Une allocation de 75 a echoue !
Une allocation de 10922 a echoue !
Une allocation de 113 a echoue !
Une allocation de 455 a echoue !
Une allocation de 75 a echoue !
Une allocation de 1820 a echoue !
Une allocation de 75 a echoue !
Une allocation de 303 a echoue !
Une allocation de 43690 a echoue !
Une allocation de 113 a echoue !
Une allocation de 455 a echoue !
Une allocation de 75 a echoue !
Une allocation de 1820 a echoue !
Une allocation de 75 a echoue !
Une allocation de 303 a echoue !
Une allocation de 7281 a echoue !
Une allocation de 75 a echoue !
Une allocation de 303 a echoue !
Une allocation de 1213 a echoue !
Une allocation de 202 a echoue !
Une allocation de 170 a echoue !
Une allocation de 682 a echoue !
Une allocation de 113 a echoue !
Une allocation de 2730 a echoue !
Une allocation de 113 a echoue !
Une allocation de 455 a echoue !
Une allocation de 75 a echoue !
Une allocation de 10922 a echoue !
Une allocation de 113 a echoue !
Une allocation de 455 a echoue !
Une allocation de 75 a echoue !
Une allocation de 1820 a echoue !
Une allocation de 75 a echoue !
Une allocation de 303 a echoue !
Une allocation de 43690 a echoue !
Une allocation de 113 a echoue !
Une allocation de 455 a echoue !
Une allocation de 75 a echoue !
Une allocation de 1820 a echoue !
Une allocation de 75 a echoue !
Une allocation de 303 a echoue !
Une allocation de 7281 a echoue !
Une allocation de 75 a echoue !
Une allocation de 303 a echoue !
Une allocation de 1213 a echoue !
Une allocation de 202 a echoue !
Une allocation de 113 a echoue !
Une allocation de 455 a echoue !
Une allocation de 75 a echoue !
Une allocation de 1820 a echoue !
Une allocation de 75 a echoue !
Une allocation de 303 a echoue !
Une allocation de 7281 a echoue !
Une allocation de 75 a echoue !
Une allocation de 303 a echoue !
Une allocation de 1213 a echoue !
Une allocation de 202 a echoue !
Une allocation de 29127 a echoue !
Une allocation de 75 a echoue !
Une allocation de 303 a echoue !
Une allocation de 1213 a echoue !
Une allocation de 202 a echoue !
Une allocation de 4854 a echoue !
Une allocation de 202 a echoue !
Une allocation de 809 a echoue !
Une allocation de 134 a echoue !
Une allocation de 256 a echoue !
Une allocation de 1024 a echoue !
Une allocation de 170 a echoue !
Une allocation de 4096 a echoue !
Une allocation de 170 a echoue !
Une allocation de 682 a echoue !
Une allocation de 113 a echoue !
Une allocation de 16384 a echoue !
Une allocation de 170 a echoue !
Une allocation de 682 a echoue !
Une allocation de 113 a echoue !
Une allocation de 2730 a echoue !
Une allocation de 113 a echoue !
Une allocation de 455 a echoue !
Une allocation de 75 a echoue !
Une allocation de 65536 a echoue !
Une allocation de 170 a echoue !
Une allocation de 682 a echoue !
Une allocation de 113 a echoue !
Une allocation de 2730 a echoue !
Une allocation de 113 a echoue !
Une allocation de 455 a echoue !
Une allocation de 75 a echoue !
Une allocation de 10922 a echoue !
Une allocation de 113 a echoue !
Une allocation de 455 a echoue !
Une allocation de 75 a echoue !
Une allocation de 1820 a echoue !
Une allocation de 75 a echoue !
Une allocation de 303 a echoue !
Une allocation de 170 a echoue !
Une allocation de 682 a echoue !
Une allocation de 113 a echoue !
Une allocation de 2730 a echoue !
Une allocation de 113 a echoue !
Une allocation de 455 a echoue !
Une allocation de 75 a echoue !
Une allocation de 10922 a echoue !
Une allocation de 113 a echoue !
Une allocation de 455 a echoue !
Une allocation de 75 a echoue !
Une allocation de 1820 a echoue !
Une allocation de 75 a echoue !
Une allocation de 303 a echoue !
Une allocation de 43690 a echoue !
Une allocation de 113 a echoue !
Une allocation de 455 a echoue !
Une allocation de 75 a echoue !
Une allocation de 1820 a echoue !
Une allocation de 75 a echoue !
Une allocation de 303 a echoue !
Une allocation de 7281 a echoue !
Une allocation de 75 a echoue !
Une allocation de 303 a echoue !
Une allocation de 1213 a echoue !
Une allocation de 202 a echoue !
Une allocation de 170 a echoue !
Une allocation de 682 a echoue !
Une allocation de 113 a echoue !
Une allocation de 2730 a echoue !
Une allocation de 113 a echoue !
Une allocation de 455 a echoue !
Une allocation de 75 a echoue !
Une allocation de 10922 a echoue !
Une allocation de 113 a echoue !
Une allocation de 455 a echoue !
Une allocation de 75 a echoue !
Une allocation de 1820 a echoue !
Une allocation de 75 a echoue !
Une allocation de 303 a echoue !
Une allocation de 43690 a echoue !
Une allocation de 113 a echoue !
Une allocation de 455 a echoue !
Une allocation de 75 a echoue !
Une allocation de 1820 a echoue !
Une allocation de 75 a echoue !
Une allocation de 303 a echoue !
Une allocation de 7281 a echoue !
Une allocation de 75 a echoue !
Une allocation de 303 a echoue !
Une allocation de 1213 a echoue !
Une allocation de 202 a echoue !
Une allocation de 113 a echoue !
Une allocation de 455 a echoue !
Une allocation de 75 a echoue !
Une allocation de 1820 a echoue !
Une allocation de 75 a echoue !
Une allocation de 303 a echoue !
Une allocation de 7281 a echoue !
Une allocation de 75 a echoue !
Une allocation de 303 a echoue !
Une allocation de 1213 a echoue !
Une allocation de 202 a echoue !
Une allocation de 29127 a echoue !
Une allocation de 75 a echoue !
Une allocation de 303 a echoue !
Une allocation de 1213 a echoue !
Une allocation de 202 a echoue !
Une allocation de 4854 a echoue !
Une allocation de 202 a echoue !
Une allocation de 809 a echoue !
Une allocation de 134 a echoue !
Une allocation de 256 a echoue !
Une allocation de 1024 a echoue !
Une allocation de 170 a echoue !
Une allocation de 4096 a echoue !
Une allocation de 170 a echoue !
Une allocation de 682 a echoue !
Une allocation de 113 a echoue !
Une allocation de 16384 a echoue !
Une allocation de 170 a echoue !
Une allocation de 682 a echoue !
Une allocation de 113 a echoue !
Une allocation de 2730 a echoue !
Une allocation de 113 a echoue !
Une allocation de 455 a echoue !
Une allocation de 75 a echoue !
Une allocation de 65536 a echoue !
Une allocation de 170 a echoue !
Une allocation de 682 a echoue !
Une allocation de 113 a echoue !
Une allocation de 2730 a echoue !
Une allocation de 113 a echoue !
Une allocation de 455 a echoue !
Une allocation de 75 a echoue !
Une allocation de 10922 a echoue !
Une allocation de 113 a echoue !
Une allocation de 455 a echoue !
Une allocation de 75 a echoue !
Une allocation de 1820 a echoue !
Une allocation de 75 a echoue !
Une allocation de 303 a echoue !
Une allocation de 170 a echoue !
Une allocation de 682 a echoue !
Une allocation de 113 a echoue !
Une allocation de 2730 a echoue !
Une allocation de 113 a echoue !
Une allocation de 455 a echoue !
Une allocation de 75 a echoue !
Une allocation de 10922 a echoue !
Une allocation de 113 a echoue !
Une allocation de 455 a echoue !
Une allocation de 75 a echoue !
Une allocation de 1820 a echoue !
Une allocation de 75 a echoue !
Une allocation de 303 a echoue !
Une allocation de 43690 a echoue !
Une allocation de 113 a echoue !
Une allocation de 455 a echoue !
Une allocation de 75 a echoue !
Une allocation de 1820 a echoue !
Une allocation de 75 a echoue !
Une allocation de 303 a echoue !
Une allocation de 7281 a echoue !
Une allocation de 75 a echoue !
Une allocation de 303 a echoue !
Une allocation de 1213 a echoue !
Une allocation de 202 a echoue !
Une allocation de 170 a echoue !
Une allocation de 682 a echoue !
Une allocation de 113 a echoue !
Une allocation de 2730 a echoue !
Une allocation de 113 a echoue !
Une allocation de 455 a echoue !
Une allocation de 75 a echoue !
Une allocation de 10922 a echoue !
Une allocation de 113 a echoue !
Une allocation de 455 a echoue !
Une allocation de 75 a echoue !
Une allocation de 1820 a echoue !
Une allocation de 75 a echoue !
Une allocation de 303 a echoue !
Une allocation de 43690 a echoue !
Une allocation de 113 a echoue !
Une allocation de 455 a echoue !
Une allocation de 75 a echoue !
Une allocation de 1820 a echoue !
Une allocation de 75 a echoue !
Une allocation de 303 a echoue !
Une allocation de 7281 a echoue !
Une allocation de 75 a echoue !
Une allocation de 303 a echoue !
Une allocation de 1213 a echoue !
Une allocation de 202 a echoue !
Une allocation de 113 a echoue !
Une allocation de 455 a echoue !
Une allocation de 75 a echoue !
Une allocation de 1820 a echoue !
Une allocation de 75 a echoue !
Une allocation de 303 a echoue !
Une allocation de 7281 a echoue !
Une allocation de 75 a echoue !
Une allocation de 303 a echoue !
Une allocation de 1213 a echoue !
Une allocation de 202 a echoue !
Une allocation de 29127 a echoue !
Une allocation de 75 a echoue !
Une allocation de 303 a echoue !
Une allocation de 1213 a echoue !
Une allocation de 202 a echoue !
Une allocation de 4854 a echoue !
Une allocation de 202 a echoue !
Une allocation de 809 a echoue !
Une allocation de 134 a echoue !
[       OK ] Generic.aleatoire (15 ms)
[----------] 3 tests from Generic (15 ms total)

[----------] 1 test from Medium
[ RUN      ] Medium.buddy
/user/8/sauretm/Documents/projetmalloc/ensimag-malloc/tests/test_buddy.cc:17: Failure
Expected: (mref) != ((void*) 0), actual: NULL vs NULL
[  FAILED  ] Medium.buddy (0 ms)
[----------] 1 test from Medium (0 ms total)

[----------] Global test environment tear-down
[==========] 12 tests from 4 test cases ran. (17 ms total)
[  PASSED  ] 8 tests.
[  FAILED  ] 4 tests, listed below:
[  FAILED  ] Basic.onemedium
[  FAILED  ] Basic.oneallocloopmedium
[  FAILED  ] Generic.loopevenoddmedium
[  FAILED  ] Medium.buddy

 4 FAILED TESTS
<end of output>
Test time =   0.03 sec
----------------------------------------------------------
Test Failed.
"AllTestsAllocator" end time: Oct 10 18:31 CEST
"AllTestsAllocator" time elapsed: 00:00:00
----------------------------------------------------------

End testing: Oct 10 18:31 CEST
